<?xml version="1.0" encoding="UTF-8" ?>
<testsuite failures="0" time="1.852" errors="0" skipped="0" tests="9" name="com.generalidevelopment.hit2013.ItemIntegrationTest">
  <properties>
[...]
</properties>
  <testcase time="1.562" classname="com.generalidevelopment.hit2013.ItemIntegrationTest" name="testMarkerMethod"/>
  <testcase time="0.178" classname="com.generalidevelopment.hit2013.ItemIntegrationTest" name="testCountItems"/>
  <testcase time="0.018" classname="com.generalidevelopment.hit2013.ItemIntegrationTest" name="testFindAllItems"/>
  <testcase time="0.016" classname="com.generalidevelopment.hit2013.ItemIntegrationTest" name="testFindItemEntries"/>
  <testcase time="0.016" classname="com.generalidevelopment.hit2013.ItemIntegrationTest" name="testMergeUpdate"/>
  <testcase time="0.014" classname="com.generalidevelopment.hit2013.ItemIntegrationTest" name="testFindItem"/>
  <testcase time="0.015" classname="com.generalidevelopment.hit2013.ItemIntegrationTest" name="testPersist"/>
  <testcase time="0.014" classname="com.generalidevelopment.hit2013.ItemIntegrationTest" name="testFlush"/>
  <testcase time="0.019" classname="com.generalidevelopment.hit2013.ItemIntegrationTest" name="testRemove"/>
</testsuite>